app/build/outputs/logs/manifest-merger-debug-report.txt
-- Merging decision tree log ---
manifest
ADDED from src\main\AndroidManifest.xml:1:1-42:12
INJECTED from src\main\AndroidManifest.xml:1:1-42:12
INJECTED from src\main\AndroidManifest.xml:1:1-42:12
INJECTED from src\main\AndroidManifest.xml:1:1-42:12
MERGED from [com.google.android.gms:play-services-ads:15.0.0] AndroidManifest.xml:17:1-25:12
MERGED from [com.android.support:customtabs:26.1.0] AndroidManifest.xml:17:1-28:12
MERGED from [com.google.android.gms:play-services-ads-lite:15.0.0] AndroidManifest.xml:17:1-36:12
MERGED from [com.google.android.gms:play-services-gass:15.0.0] AndroidManifest.xml:2:1-9:12
MERGED from [com.google.android.gms:play-services-ads-base:15.0.0] AndroidManifest.xml:17:1-24:12
MERGED from [com.google.android.gms:play-services-ads-identifier:15.0.1] AndroidManifest.xml:17:1-24:12
MERGED from [com.google.android.gms:play-services-basement:15.0.1] AndroidManifest.xml:17:1-28:12
MERGED from [com.android.support:support-v4:26.1.0] AndroidManifest.xml:17:1-31:12
MERGED from [com.android.support:support-media-compat:26.1.0] AndroidManifest.xml:17:1-31:12
MERGED from [com.android.support:support-fragment:26.1.0] AndroidManifest.xml:17:1-31:12
MERGED from [com.android.support:support-core-utils:26.1.0] AndroidManifest.xml:17:1-31:12
MERGED from [com.android.support:support-core-ui:26.1.0] AndroidManifest.xml:17:1-31:12
MERGED from [com.android.support:support-compat:26.1.0] AndroidManifest.xml:17:1-31:12
MERGED from [android.arch.lifecycle:runtime:1.0.0] AndroidManifest.xml:17:1-30:12
INJECTED from src\main\AndroidManifest.xml:1:1-42:12
INJECTED from src\main\AndroidManifest.xml:1:1-42:12
INJECTED from src\main\AndroidManifest.xml:1:1-42:12
	package
		ADDED from src\main\AndroidManifest.xml:3:2-28
		INJECTED from src\main\AndroidManifest.xml
		INJECTED from src\main\AndroidManifest.xml
	android:versionName
		INJECTED from src\main\AndroidManifest.xml
		ADDED from src\main\AndroidManifest.xml:1:1-42:12
		INJECTED from src\main\AndroidManifest.xml
	android:versionCode
		INJECTED from src\main\AndroidManifest.xml
		ADDED from src\main\AndroidManifest.xml:1:1-42:12
		INJECTED from src\main\AndroidManifest.xml
	xmlns:android
		ADDED from src\main\AndroidManifest.xml:2:2-60
uses-permission#android.permission.INTERNET
ADDED from src\main\AndroidManifest.xml:4:2-64
MERGED from [com.google.android.gms:play-services-ads-lite:15.0.0] AndroidManifest.xml:23:5-67
MERGED from [com.google.android.gms:play-services-ads-lite:15.0.0] AndroidManifest.xml:23:5-67
	android:name
		ADDED from src\main\AndroidManifest.xml:4:19-61
uses-permission#android.permission.ACCESS_NETWORK_STATE
ADDED from src\main\AndroidManifest.xml:5:2-76
MERGED from [com.google.android.gms:play-services-ads-lite:15.0.0] AndroidManifest.xml:24:5-79
MERGED from [com.google.android.gms:play-services-ads-lite:15.0.0] AndroidManifest.xml:24:5-79
	android:name
		ADDED from src\main\AndroidManifest.xml:5:19-73
application
ADDED from src\main\AndroidManifest.xml:7:2-41:16
MERGED from [com.android.support:customtabs:26.1.0] AndroidManifest.xml:22:5-26:19
MERGED from [com.android.support:customtabs:26.1.0] AndroidManifest.xml:22:5-26:19
MERGED from [com.google.android.gms:play-services-ads-lite:15.0.0] AndroidManifest.xml:26:5-34:19
MERGED from [com.google.android.gms:play-services-ads-lite:15.0.0] AndroidManifest.xml:26:5-34:19
MERGED from [com.google.android.gms:play-services-gass:15.0.0] AndroidManifest.xml:7:5-20
MERGED from [com.google.android.gms:play-services-gass:15.0.0] AndroidManifest.xml:7:5-20
MERGED from [com.google.android.gms:play-services-ads-base:15.0.0] AndroidManifest.xml:22:5-20
MERGED from [com.google.android.gms:play-services-ads-base:15.0.0] AndroidManifest.xml:22:5-20
MERGED from [com.google.android.gms:play-services-ads-identifier:15.0.1] AndroidManifest.xml:22:5-20
MERGED from [com.google.android.gms:play-services-ads-identifier:15.0.1] AndroidManifest.xml:22:5-20
MERGED from [com.google.android.gms:play-services-basement:15.0.1] AndroidManifest.xml:22:5-26:19
MERGED from [com.google.android.gms:play-services-basement:15.0.1] AndroidManifest.xml:22:5-26:19
MERGED from [com.android.support:support-v4:26.1.0] AndroidManifest.xml:25:5-29:19
MERGED from [com.android.support:support-v4:26.1.0] AndroidManifest.xml:25:5-29:19
MERGED from [com.android.support:support-media-compat:26.1.0] AndroidManifest.xml:25:5-29:19
MERGED from [com.android.support:support-media-compat:26.1.0] AndroidManifest.xml:25:5-29:19
MERGED from [com.android.support:support-fragment:26.1.0] AndroidManifest.xml:25:5-29:19
MERGED from [com.android.support:support-fragment:26.1.0] AndroidManifest.xml:25:5-29:19
MERGED from [com.android.support:support-core-utils:26.1.0] AndroidManifest.xml:25:5-29:19
MERGED from [com.android.support:support-core-utils:26.1.0] AndroidManifest.xml:25:5-29:19
MERGED from [com.android.support:support-core-ui:26.1.0] AndroidManifest.xml:25:5-29:19
MERGED from [com.android.support:support-core-ui:26.1.0] AndroidManifest.xml:25:5-29:19
MERGED from [com.android.support:support-compat:26.1.0] AndroidManifest.xml:25:5-29:19
MERGED from [com.android.support:support-compat:26.1.0] AndroidManifest.xml:25:5-29:19
MERGED from [android.arch.lifecycle:runtime:1.0.0] AndroidManifest.xml:24:5-28:19
MERGED from [android.arch.lifecycle:runtime:1.0.0] AndroidManifest.xml:24:5-28:19
	android:label
		ADDED from src\main\AndroidManifest.xml:9:3-31
	android:icon
		ADDED from src\main\AndroidManifest.xml:10:3-36
	android:allowBackup
		ADDED from src\main\AndroidManifest.xml:8:3-29
	android:theme
		ADDED from src\main\AndroidManifest.xml:11:3-34
activity#com.hide.message.MainActivity
ADDED from src\main\AndroidManifest.xml:12:3-22:14
	android:screenOrientation
		ADDED from src\main\AndroidManifest.xml:16:4-40
	android:windowSoftInputMode
		ADDED from src\main\AndroidManifest.xml:17:4-45
	android:configChanges
		ADDED from src\main\AndroidManifest.xml:14:4-50
	android:theme
		ADDED from src\main\AndroidManifest.xml:15:4-38
	android:name
		ADDED from src\main\AndroidManifest.xml:13:4-32
intent-filter#action:name:android.intent.action.MAIN+category:name:android.intent.category.LAUNCHER
ADDED from src\main\AndroidManifest.xml:18:4-21:20
action#android.intent.action.MAIN
ADDED from src\main\AndroidManifest.xml:19:5-56
	android:name
		ADDED from src\main\AndroidManifest.xml:19:13-54
category#android.intent.category.LAUNCHER
ADDED from src\main\AndroidManifest.xml:20:5-64
	android:name
		ADDED from src\main\AndroidManifest.xml:20:15-62
activity#com.hide.message.AboutHelpActivity
ADDED from src\main\AndroidManifest.xml:23:3-28:47
	android:screenOrientation
		ADDED from src\main\AndroidManifest.xml:27:4-40
	android:windowSoftInputMode
		ADDED from src\main\AndroidManifest.xml:28:4-45
	android:configChanges
		ADDED from src\main\AndroidManifest.xml:25:4-50
	android:theme
		ADDED from src\main\AndroidManifest.xml:26:4-38
	android:name
		ADDED from src\main\AndroidManifest.xml:24:4-37
activity#com.hide.message.SetkeyActivityActivity
ADDED from src\main\AndroidManifest.xml:29:3-34:47
	android:screenOrientation
		ADDED from src\main\AndroidManifest.xml:33:4-40
	android:windowSoftInputMode
		ADDED from src\main\AndroidManifest.xml:34:4-45
	android:configChanges
		ADDED from src\main\AndroidManifest.xml:31:4-50
	android:theme
		ADDED from src\main\AndroidManifest.xml:32:4-38
	android:name
		ADDED from src\main\AndroidManifest.xml:30:4-42
activity#com.hide.message.SplashActivity
ADDED from src\main\AndroidManifest.xml:35:3-40:47
	android:screenOrientation
		ADDED from src\main\AndroidManifest.xml:39:4-40
	android:windowSoftInputMode
		ADDED from src\main\AndroidManifest.xml:40:4-45
	android:configChanges
		ADDED from src\main\AndroidManifest.xml:37:4-50
	android:theme
		ADDED from src\main\AndroidManifest.xml:38:4-37
	android:name
		ADDED from src\main\AndroidManifest.xml:36:4-34
uses-sdk
INJECTED from src\main\AndroidManifest.xml reason: use-sdk injection requested
INJECTED from src\main\AndroidManifest.xml
INJECTED from src\main\AndroidManifest.xml
MERGED from [com.google.android.gms:play-services-ads:15.0.0] AndroidManifest.xml:21:5-23:62
MERGED from [com.google.android.gms:play-services-ads:15.0.0] AndroidManifest.xml:21:5-23:62
MERGED from [com.android.support:customtabs:26.1.0] AndroidManifest.xml:20:5-44
MERGED from [com.android.support:customtabs:26.1.0] AndroidManifest.xml:20:5-44
MERGED from [com.google.android.gms:play-services-ads-lite:15.0.0] AndroidManifest.xml:20:5-44
MERGED from [com.google.android.gms:play-services-ads-lite:15.0.0] AndroidManifest.xml:20:5-44
MERGED from [com.google.android.gms:play-services-gass:15.0.0] AndroidManifest.xml:5:5-44
MERGED from [com.google.android.gms:play-services-gass:15.0.0] AndroidManifest.xml:5:5-44
MERGED from [com.google.android.gms:play-services-ads-base:15.0.0] AndroidManifest.xml:20:5-44
MERGED from [com.google.android.gms:play-services-ads-base:15.0.0] AndroidManifest.xml:20:5-44
MERGED from [com.google.android.gms:play-services-ads-identifier:15.0.1] AndroidManifest.xml:20:5-44
MERGED from [com.google.android.gms:play-services-ads-identifier:15.0.1] AndroidManifest.xml:20:5-44
MERGED from [com.google.android.gms:play-services-basement:15.0.1] AndroidManifest.xml:20:5-44
MERGED from [com.google.android.gms:play-services-basement:15.0.1] AndroidManifest.xml:20:5-44
MERGED from [com.android.support:support-v4:26.1.0] AndroidManifest.xml:21:5-23:54
MERGED from [com.android.support:support-v4:26.1.0] AndroidManifest.xml:21:5-23:54
MERGED from [com.android.support:support-media-compat:26.1.0] AndroidManifest.xml:21:5-23:63
MERGED from [com.android.support:support-media-compat:26.1.0] AndroidManifest.xml:21:5-23:63
MERGED from [com.android.support:support-fragment:26.1.0] AndroidManifest.xml:21:5-23:60
MERGED from [com.android.support:support-fragment:26.1.0] AndroidManifest.xml:21:5-23:60
MERGED from [com.android.support:support-core-utils:26.1.0] AndroidManifest.xml:21:5-23:61
MERGED from [com.android.support:support-core-utils:26.1.0] AndroidManifest.xml:21:5-23:61
MERGED from [com.android.support:support-core-ui:26.1.0] AndroidManifest.xml:21:5-23:58
MERGED from [com.android.support:support-core-ui:26.1.0] AndroidManifest.xml:21:5-23:58
MERGED from [com.android.support:support-compat:26.1.0] AndroidManifest.xml:21:5-23:58
MERGED from [com.android.support:support-compat:26.1.0] AndroidManifest.xml:21:5-23:58
MERGED from [android.arch.lifecycle:runtime:1.0.0] AndroidManifest.xml:20:5-22:41
MERGED from [android.arch.lifecycle:runtime:1.0.0] AndroidManifest.xml:20:5-22:41
INJECTED from src\main\AndroidManifest.xml
INJECTED from src\main\AndroidManifest.xml
	tools:overrideLibrary
		ADDED from [com.google.android.gms:play-services-ads:15.0.0] AndroidManifest.xml:23:9-59
	android:targetSdkVersion
		INJECTED from src\main\AndroidManifest.xml
		ADDED from src\main\AndroidManifest.xml
		INJECTED from src\main\AndroidManifest.xml
	android:minSdkVersion
		INJECTED from src\main\AndroidManifest.xml
		ADDED from src\main\AndroidManifest.xml
		INJECTED from src\main\AndroidManifest.xml
meta-data#android.support.VERSION
ADDED from [com.android.support:customtabs:26.1.0] AndroidManifest.xml:23:9-25:38
MERGED from [com.android.support:support-v4:26.1.0] AndroidManifest.xml:26:9-28:38
MERGED from [com.android.support:support-v4:26.1.0] AndroidManifest.xml:26:9-28:38
MERGED from [com.android.support:support-media-compat:26.1.0] AndroidManifest.xml:26:9-28:38
MERGED from [com.android.support:support-media-compat:26.1.0] AndroidManifest.xml:26:9-28:38
MERGED from [com.android.support:support-fragment:26.1.0] AndroidManifest.xml:26:9-28:38
MERGED from [com.android.support:support-fragment:26.1.0] AndroidManifest.xml:26:9-28:38
MERGED from [com.android.support:support-core-utils:26.1.0] AndroidManifest.xml:26:9-28:38
MERGED from [com.android.support:support-core-utils:26.1.0] AndroidManifest.xml:26:9-28:38
MERGED from [com.android.support:support-core-ui:26.1.0] AndroidManifest.xml:26:9-28:38
MERGED from [com.android.support:support-core-ui:26.1.0] AndroidManifest.xml:26:9-28:38
MERGED from [com.android.support:support-compat:26.1.0] AndroidManifest.xml:26:9-28:38
MERGED from [com.android.support:support-compat:26.1.0] AndroidManifest.xml:26:9-28:38
	android:value
		ADDED from [com.android.support:customtabs:26.1.0] AndroidManifest.xml:25:13-35
	android:name
		ADDED from [com.android.support:customtabs:26.1.0] AndroidManifest.xml:24:13-51
activity#com.google.android.gms.ads.AdActivity
ADDED from [com.google.android.gms:play-services-ads-lite:15.0.0] AndroidManifest.xml:29:9-33:64
	android:exported
		ADDED from [com.google.android.gms:play-services-ads-lite:15.0.0] AndroidManifest.xml:32:13-37
	android:configChanges
		ADDED from [com.google.android.gms:play-services-ads-lite:15.0.0] AndroidManifest.xml:31:13-122
	android:theme
		ADDED from [com.google.android.gms:play-services-ads-lite:15.0.0] AndroidManifest.xml:33:13-61
	android:name
		ADDED from [com.google.android.gms:play-services-ads-lite:15.0.0] AndroidManifest.xml:30:13-65
meta-data#com.google.android.gms.version
ADDED from [com.google.android.gms:play-services-basement:15.0.1] AndroidManifest.xml:23:9-25:69
	android:value
		ADDED from [com.google.android.gms:play-services-basement:15.0.1] AndroidManifest.xml:25:13-66
	android:name
		ADDED from [com.google.android.gms:play-services-basement:15.0.1] AndroidManifest.xml:24:13-58
meta-data#android.arch.lifecycle.VERSION
ADDED from [android.arch.lifecycle:runtime:1.0.0] AndroidManifest.xml:25:9-27:47
	android:value
		ADDED from [android.arch.lifecycle:runtime:1.0.0] AndroidManifest.xml:27:13-44
	android:name
		ADDED from [android.arch.lifecycle:runtime:1.0.0] AndroidManifest.xml:26:13-58